{
  "RSpec": {
    "coverage": {
      "/home/setiawan/Documents/YABB/module 4 session 3/app/controllers/c_item.rb": [
        1,
        1,
        null,
        1,
        1,
        1,
        1,
        1,
        null,
        1,
        0,
        0,
        0,
        0,
        0,
        null,
        0,
        null,
        1,
        0,
        0,
        0,
        null,
        1,
        0,
        0,
        0,
        0,
        null,
        0,
        0,
        null,
        1,
        0,
        0,
        0,
        0,
        null,
        0,
        0,
        0,
        null,
        1,
        0,
        0,
        0,
        0,
        0,
        null,
        0,
        0,
        null,
        1,
        0,
        0,
        null,
        null
      ],
      "/home/setiawan/Documents/YABB/module 4 session 3/app/models/m_item.rb": [
        1,
        1,
        null,
        1,
        1,
        1,
        16,
        16,
        16,
        16,
        null,
        null,
        null,
        1,
        2,
        2,
        2,
        null,
        null,
        1,
        0,
        0,
        0,
        0,
        0,
        0,
        null,
        null,
        null,
        1,
        0,
        0,
        0,
        null,
        0,
        0,
        null,
        0,
        0,
        0,
        0,
        null,
        0,
        0,
        null,
        null,
        1,
        2,
        2,
        16,
        16,
        null,
        2,
        null,
        null,
        1,
        0,
        0,
        0,
        0,
        0,
        0,
        null,
        null,
        1,
        0,
        0,
        null,
        1,
        0,
        0,
        0,
        null,
        null
      ],
      "/home/setiawan/Documents/YABB/module 4 session 3/app/db/mysql_connector.rb": [
        1,
        1,
        3,
        null,
        null,
        null,
        null,
        null,
        3,
        null
      ],
      "/home/setiawan/Documents/YABB/module 4 session 3/app/models/m_category.rb": [
        1,
        null,
        1,
        1,
        null,
        1,
        0,
        0,
        null,
        null,
        1,
        0,
        0,
        0,
        null,
        0,
        0,
        0,
        null,
        0,
        null,
        1,
        0,
        0,
        0,
        null,
        0,
        null,
        1,
        0,
        0,
        0,
        0,
        0,
        null,
        1,
        0,
        0,
        null,
        1,
        0,
        0,
        null,
        1,
        0,
        0,
        0,
        null,
        1,
        0,
        0,
        null,
        1,
        0,
        0,
        null,
        null
      ]
    },
    "timestamp": 1627734603
  }
}
